2018-04-15 21:38:06,207 [ERROR] from akka.io.TcpListener in application-akka.actor.default-dispatcher-5 - Bind failed for TCP channel on endpoint [/0.0.0.0:8080]
java.net.BindException: Address already in use: bind
	at sun.nio.ch.Net.bind0(Native Method)
	at sun.nio.ch.Net.bind(Unknown Source)
	at sun.nio.ch.Net.bind(Unknown Source)
	at sun.nio.ch.ServerSocketChannelImpl.bind(Unknown Source)
	at sun.nio.ch.ServerSocketAdaptor.bind(Unknown Source)
	at akka.io.TcpListener.liftedTree1$1(TcpListener.scala:56)
	at akka.io.TcpListener.<init>(TcpListener.scala:53)
	at sun.reflect.NativeConstructorAccessorImpl.newInstance0(Native Method)
	at sun.reflect.NativeConstructorAccessorImpl.newInstance(Unknown Source)
	at sun.reflect.DelegatingConstructorAccessorImpl.newInstance(Unknown Source)
	at java.lang.reflect.Constructor.newInstance(Unknown Source)
	at akka.util.Reflect$.instantiate(Reflect.scala:65)
	at akka.actor.ArgsReflectConstructor.produce(IndirectActorProducer.scala:96)
	at akka.actor.Props.newActor(Props.scala:213)
	at akka.actor.ActorCell.newActor(ActorCell.scala:563)
	at akka.actor.ActorCell.create(ActorCell.scala:589)
	at akka.actor.ActorCell.invokeAll$1(ActorCell.scala:462)
	at akka.actor.ActorCell.systemInvoke(ActorCell.scala:484)
	at akka.dispatch.Mailbox.processAllSystemMessages(Mailbox.scala:282)
	at akka.dispatch.Mailbox.run(Mailbox.scala:223)
	at akka.dispatch.Mailbox.exec(Mailbox.scala:234)
	at akka.dispatch.forkjoin.ForkJoinTask.doExec(ForkJoinTask.java:260)
	at akka.dispatch.forkjoin.ForkJoinPool$WorkQueue.runTask(ForkJoinPool.java:1339)
	at akka.dispatch.forkjoin.ForkJoinPool.runWorker(ForkJoinPool.java:1979)
	at akka.dispatch.forkjoin.ForkJoinWorkerThread.run(ForkJoinWorkerThread.java:107)
2018-05-10 21:41:47,359 [ERROR] from com.jpro.JS in JavaFX Application Thread - received msg: got error: scala.scalajs.js.JavaScriptException: TypeError: xh(...).focus is not a function
2018-05-10 21:45:17,000 [ERROR] from com.jpro.JS in JavaFX Application Thread - received msg: got error: scala.scalajs.js.JavaScriptException: TypeError: xh(...).focus is not a function
2018-05-11 23:50:36,906 [ERROR] from akka.io.TcpListener in application-akka.actor.default-dispatcher-4 - Bind failed for TCP channel on endpoint [/0.0.0.0:8080]
java.net.BindException: Address already in use: bind
	at sun.nio.ch.Net.bind0(Native Method)
	at sun.nio.ch.Net.bind(Unknown Source)
	at sun.nio.ch.Net.bind(Unknown Source)
	at sun.nio.ch.ServerSocketChannelImpl.bind(Unknown Source)
	at sun.nio.ch.ServerSocketAdaptor.bind(Unknown Source)
	at akka.io.TcpListener.liftedTree1$1(TcpListener.scala:56)
	at akka.io.TcpListener.<init>(TcpListener.scala:53)
	at sun.reflect.NativeConstructorAccessorImpl.newInstance0(Native Method)
	at sun.reflect.NativeConstructorAccessorImpl.newInstance(Unknown Source)
	at sun.reflect.DelegatingConstructorAccessorImpl.newInstance(Unknown Source)
	at java.lang.reflect.Constructor.newInstance(Unknown Source)
	at akka.util.Reflect$.instantiate(Reflect.scala:65)
	at akka.actor.ArgsReflectConstructor.produce(IndirectActorProducer.scala:96)
	at akka.actor.Props.newActor(Props.scala:213)
	at akka.actor.ActorCell.newActor(ActorCell.scala:563)
	at akka.actor.ActorCell.create(ActorCell.scala:589)
	at akka.actor.ActorCell.invokeAll$1(ActorCell.scala:462)
	at akka.actor.ActorCell.systemInvoke(ActorCell.scala:484)
	at akka.dispatch.Mailbox.processAllSystemMessages(Mailbox.scala:282)
	at akka.dispatch.Mailbox.run(Mailbox.scala:223)
	at akka.dispatch.Mailbox.exec(Mailbox.scala:234)
	at akka.dispatch.forkjoin.ForkJoinTask.doExec(ForkJoinTask.java:260)
	at akka.dispatch.forkjoin.ForkJoinPool$WorkQueue.runTask(ForkJoinPool.java:1339)
	at akka.dispatch.forkjoin.ForkJoinPool.runWorker(ForkJoinPool.java:1979)
	at akka.dispatch.forkjoin.ForkJoinWorkerThread.run(ForkJoinWorkerThread.java:107)
2018-05-12 00:02:18,546 [ERROR] from akka.io.TcpListener in application-akka.actor.default-dispatcher-5 - Bind failed for TCP channel on endpoint [/0.0.0.0:8080]
java.net.BindException: Address already in use: bind
	at sun.nio.ch.Net.bind0(Native Method)
	at sun.nio.ch.Net.bind(Unknown Source)
	at sun.nio.ch.Net.bind(Unknown Source)
	at sun.nio.ch.ServerSocketChannelImpl.bind(Unknown Source)
	at sun.nio.ch.ServerSocketAdaptor.bind(Unknown Source)
	at akka.io.TcpListener.liftedTree1$1(TcpListener.scala:56)
	at akka.io.TcpListener.<init>(TcpListener.scala:53)
	at sun.reflect.NativeConstructorAccessorImpl.newInstance0(Native Method)
	at sun.reflect.NativeConstructorAccessorImpl.newInstance(Unknown Source)
	at sun.reflect.DelegatingConstructorAccessorImpl.newInstance(Unknown Source)
	at java.lang.reflect.Constructor.newInstance(Unknown Source)
	at akka.util.Reflect$.instantiate(Reflect.scala:65)
	at akka.actor.ArgsReflectConstructor.produce(IndirectActorProducer.scala:96)
	at akka.actor.Props.newActor(Props.scala:213)
	at akka.actor.ActorCell.newActor(ActorCell.scala:563)
	at akka.actor.ActorCell.create(ActorCell.scala:589)
	at akka.actor.ActorCell.invokeAll$1(ActorCell.scala:462)
	at akka.actor.ActorCell.systemInvoke(ActorCell.scala:484)
	at akka.dispatch.Mailbox.processAllSystemMessages(Mailbox.scala:282)
	at akka.dispatch.Mailbox.run(Mailbox.scala:223)
	at akka.dispatch.Mailbox.exec(Mailbox.scala:234)
	at akka.dispatch.forkjoin.ForkJoinTask.doExec(ForkJoinTask.java:260)
	at akka.dispatch.forkjoin.ForkJoinPool$WorkQueue.runTask(ForkJoinPool.java:1339)
	at akka.dispatch.forkjoin.ForkJoinPool.runWorker(ForkJoinPool.java:1979)
	at akka.dispatch.forkjoin.ForkJoinWorkerThread.run(ForkJoinWorkerThread.java:107)
2018-05-12 00:10:13,562 [ERROR] from com.jpro.JS in JavaFX Application Thread - received msg: got error: scala.scalajs.js.JavaScriptException: TypeError: Object doesn't support property or method 'focus'
2018-05-12 00:53:50,062 [ERROR] from com.jpro.JS in JavaFX Application Thread - received msg: got error: scala.scalajs.js.JavaScriptException: TypeError: Object doesn't support property or method 'focus'
2018-05-12 01:00:57,562 [ERROR] from com.jpro.JS in JavaFX Application Thread - received msg: got error: scala.scalajs.js.JavaScriptException: TypeError: Object doesn't support property or method 'focus'
2018-05-12 01:04:21,593 [ERROR] from akka.io.TcpListener in application-akka.actor.default-dispatcher-5 - Bind failed for TCP channel on endpoint [/0.0.0.0:8080]
java.net.BindException: Address already in use: bind
	at sun.nio.ch.Net.bind0(Native Method)
	at sun.nio.ch.Net.bind(Unknown Source)
	at sun.nio.ch.Net.bind(Unknown Source)
	at sun.nio.ch.ServerSocketChannelImpl.bind(Unknown Source)
	at sun.nio.ch.ServerSocketAdaptor.bind(Unknown Source)
	at akka.io.TcpListener.liftedTree1$1(TcpListener.scala:56)
	at akka.io.TcpListener.<init>(TcpListener.scala:53)
	at sun.reflect.NativeConstructorAccessorImpl.newInstance0(Native Method)
	at sun.reflect.NativeConstructorAccessorImpl.newInstance(Unknown Source)
	at sun.reflect.DelegatingConstructorAccessorImpl.newInstance(Unknown Source)
	at java.lang.reflect.Constructor.newInstance(Unknown Source)
	at akka.util.Reflect$.instantiate(Reflect.scala:65)
	at akka.actor.ArgsReflectConstructor.produce(IndirectActorProducer.scala:96)
	at akka.actor.Props.newActor(Props.scala:213)
	at akka.actor.ActorCell.newActor(ActorCell.scala:563)
	at akka.actor.ActorCell.create(ActorCell.scala:589)
	at akka.actor.ActorCell.invokeAll$1(ActorCell.scala:462)
	at akka.actor.ActorCell.systemInvoke(ActorCell.scala:484)
	at akka.dispatch.Mailbox.processAllSystemMessages(Mailbox.scala:282)
	at akka.dispatch.Mailbox.run(Mailbox.scala:223)
	at akka.dispatch.Mailbox.exec(Mailbox.scala:234)
	at akka.dispatch.forkjoin.ForkJoinTask.doExec(ForkJoinTask.java:260)
	at akka.dispatch.forkjoin.ForkJoinPool$WorkQueue.runTask(ForkJoinPool.java:1339)
	at akka.dispatch.forkjoin.ForkJoinPool.runWorker(ForkJoinPool.java:1979)
	at akka.dispatch.forkjoin.ForkJoinWorkerThread.run(ForkJoinWorkerThread.java:107)
2018-05-12 01:04:34,062 [ERROR] from com.jpro.JS in JavaFX Application Thread - received msg: got error: scala.scalajs.js.JavaScriptException: TypeError: Object doesn't support property or method 'focus'
2018-05-12 01:07:48,718 [ERROR] from akka.io.TcpListener in application-akka.actor.default-dispatcher-3 - Bind failed for TCP channel on endpoint [/0.0.0.0:8080]
java.net.BindException: Address already in use: bind
	at sun.nio.ch.Net.bind0(Native Method)
	at sun.nio.ch.Net.bind(Unknown Source)
	at sun.nio.ch.Net.bind(Unknown Source)
	at sun.nio.ch.ServerSocketChannelImpl.bind(Unknown Source)
	at sun.nio.ch.ServerSocketAdaptor.bind(Unknown Source)
	at akka.io.TcpListener.liftedTree1$1(TcpListener.scala:56)
	at akka.io.TcpListener.<init>(TcpListener.scala:53)
	at sun.reflect.NativeConstructorAccessorImpl.newInstance0(Native Method)
	at sun.reflect.NativeConstructorAccessorImpl.newInstance(Unknown Source)
	at sun.reflect.DelegatingConstructorAccessorImpl.newInstance(Unknown Source)
	at java.lang.reflect.Constructor.newInstance(Unknown Source)
	at akka.util.Reflect$.instantiate(Reflect.scala:65)
	at akka.actor.ArgsReflectConstructor.produce(IndirectActorProducer.scala:96)
	at akka.actor.Props.newActor(Props.scala:213)
	at akka.actor.ActorCell.newActor(ActorCell.scala:563)
	at akka.actor.ActorCell.create(ActorCell.scala:589)
	at akka.actor.ActorCell.invokeAll$1(ActorCell.scala:462)
	at akka.actor.ActorCell.systemInvoke(ActorCell.scala:484)
	at akka.dispatch.Mailbox.processAllSystemMessages(Mailbox.scala:282)
	at akka.dispatch.Mailbox.run(Mailbox.scala:223)
	at akka.dispatch.Mailbox.exec(Mailbox.scala:234)
	at akka.dispatch.forkjoin.ForkJoinTask.doExec(ForkJoinTask.java:260)
	at akka.dispatch.forkjoin.ForkJoinPool$WorkQueue.runTask(ForkJoinPool.java:1339)
	at akka.dispatch.forkjoin.ForkJoinPool.runWorker(ForkJoinPool.java:1979)
	at akka.dispatch.forkjoin.ForkJoinWorkerThread.run(ForkJoinWorkerThread.java:107)
2018-05-12 01:07:51,281 [ERROR] from com.jpro.JS in JavaFX Application Thread - received msg: got error: scala.scalajs.js.JavaScriptException: TypeError: Object doesn't support property or method 'focus'
2018-05-12 01:08:56,781 [ERROR] from akka.io.TcpListener in application-akka.actor.default-dispatcher-5 - Bind failed for TCP channel on endpoint [/0.0.0.0:8080]
java.net.BindException: Address already in use: bind
	at sun.nio.ch.Net.bind0(Native Method)
	at sun.nio.ch.Net.bind(Unknown Source)
	at sun.nio.ch.Net.bind(Unknown Source)
	at sun.nio.ch.ServerSocketChannelImpl.bind(Unknown Source)
	at sun.nio.ch.ServerSocketAdaptor.bind(Unknown Source)
	at akka.io.TcpListener.liftedTree1$1(TcpListener.scala:56)
	at akka.io.TcpListener.<init>(TcpListener.scala:53)
	at sun.reflect.NativeConstructorAccessorImpl.newInstance0(Native Method)
	at sun.reflect.NativeConstructorAccessorImpl.newInstance(Unknown Source)
	at sun.reflect.DelegatingConstructorAccessorImpl.newInstance(Unknown Source)
	at java.lang.reflect.Constructor.newInstance(Unknown Source)
	at akka.util.Reflect$.instantiate(Reflect.scala:65)
	at akka.actor.ArgsReflectConstructor.produce(IndirectActorProducer.scala:96)
	at akka.actor.Props.newActor(Props.scala:213)
	at akka.actor.ActorCell.newActor(ActorCell.scala:563)
	at akka.actor.ActorCell.create(ActorCell.scala:589)
	at akka.actor.ActorCell.invokeAll$1(ActorCell.scala:462)
	at akka.actor.ActorCell.systemInvoke(ActorCell.scala:484)
	at akka.dispatch.Mailbox.processAllSystemMessages(Mailbox.scala:282)
	at akka.dispatch.Mailbox.run(Mailbox.scala:223)
	at akka.dispatch.Mailbox.exec(Mailbox.scala:234)
	at akka.dispatch.forkjoin.ForkJoinTask.doExec(ForkJoinTask.java:260)
	at akka.dispatch.forkjoin.ForkJoinPool$WorkQueue.runTask(ForkJoinPool.java:1339)
	at akka.dispatch.forkjoin.ForkJoinPool.runWorker(ForkJoinPool.java:1979)
	at akka.dispatch.forkjoin.ForkJoinWorkerThread.run(ForkJoinWorkerThread.java:107)
2018-05-12 01:08:59,250 [ERROR] from com.jpro.JS in JavaFX Application Thread - received msg: got error: scala.scalajs.js.JavaScriptException: TypeError: Object doesn't support property or method 'focus'
2018-05-12 01:11:20,828 [ERROR] from akka.io.TcpListener in application-akka.actor.default-dispatcher-4 - Bind failed for TCP channel on endpoint [/0.0.0.0:8080]
java.net.BindException: Address already in use: bind
	at sun.nio.ch.Net.bind0(Native Method)
	at sun.nio.ch.Net.bind(Unknown Source)
	at sun.nio.ch.Net.bind(Unknown Source)
	at sun.nio.ch.ServerSocketChannelImpl.bind(Unknown Source)
	at sun.nio.ch.ServerSocketAdaptor.bind(Unknown Source)
	at akka.io.TcpListener.liftedTree1$1(TcpListener.scala:56)
	at akka.io.TcpListener.<init>(TcpListener.scala:53)
	at sun.reflect.NativeConstructorAccessorImpl.newInstance0(Native Method)
	at sun.reflect.NativeConstructorAccessorImpl.newInstance(Unknown Source)
	at sun.reflect.DelegatingConstructorAccessorImpl.newInstance(Unknown Source)
	at java.lang.reflect.Constructor.newInstance(Unknown Source)
	at akka.util.Reflect$.instantiate(Reflect.scala:65)
	at akka.actor.ArgsReflectConstructor.produce(IndirectActorProducer.scala:96)
	at akka.actor.Props.newActor(Props.scala:213)
	at akka.actor.ActorCell.newActor(ActorCell.scala:563)
	at akka.actor.ActorCell.create(ActorCell.scala:589)
	at akka.actor.ActorCell.invokeAll$1(ActorCell.scala:462)
	at akka.actor.ActorCell.systemInvoke(ActorCell.scala:484)
	at akka.dispatch.Mailbox.processAllSystemMessages(Mailbox.scala:282)
	at akka.dispatch.Mailbox.run(Mailbox.scala:223)
	at akka.dispatch.Mailbox.exec(Mailbox.scala:234)
	at akka.dispatch.forkjoin.ForkJoinTask.doExec(ForkJoinTask.java:260)
	at akka.dispatch.forkjoin.ForkJoinPool$WorkQueue.runTask(ForkJoinPool.java:1339)
	at akka.dispatch.forkjoin.ForkJoinPool.runWorker(ForkJoinPool.java:1979)
	at akka.dispatch.forkjoin.ForkJoinWorkerThread.run(ForkJoinWorkerThread.java:107)
2018-05-12 01:11:22,437 [ERROR] from com.jpro.JS in JavaFX Application Thread - received msg: got error: scala.scalajs.js.JavaScriptException: TypeError: Object doesn't support property or method 'focus'
2018-05-12 01:12:40,281 [ERROR] from com.jpro.JS in JavaFX Application Thread - received msg: got error: scala.scalajs.js.JavaScriptException: TypeError: Object doesn't support property or method 'focus'
2018-05-12 01:17:38,078 [ERROR] from com.jpro.JS in JavaFX Application Thread - received msg: got error: scala.scalajs.js.JavaScriptException: TypeError: Object doesn't support property or method 'focus'
2018-05-12 01:19:57,406 [ERROR] from com.jpro.JS in JavaFX Application Thread - received msg: got error: scala.scalajs.js.JavaScriptException: TypeError: Object doesn't support property or method 'focus'
2018-05-12 18:54:45,578 [ERROR] from com.jpro.JS in JavaFX Application Thread - received msg: got error: scala.scalajs.js.JavaScriptException: TypeError: xh(...).focus is not a function
2018-05-12 20:56:10,078 [ERROR] from com.jpro.JS in JavaFX Application Thread - received msg: got error: scala.scalajs.js.JavaScriptException: TypeError: xh(...).focus is not a function
2018-05-12 20:58:21,734 [ERROR] from com.jpro.JS in JavaFX Application Thread - received msg: got error: scala.scalajs.js.JavaScriptException: TypeError: xh(...).focus is not a function
2018-05-12 22:08:08,750 [ERROR] from com.jpro.JS in JavaFX Application Thread - received msg: got error: scala.scalajs.js.JavaScriptException: TypeError: xh(...).focus is not a function
