
 [start] - Sun Apr 15 19:21:30 CEST 2018 - started the server!
 [kill] - Sun Apr 15 20:38:32 CEST 2018 - killing process forcefully!
 [kill] - Sun Apr 15 21:31:07 CEST 2018 - killing process forcefully!
 [kill] - Sun Apr 15 21:33:05 CEST 2018 - killing process forcefully!
 [start] - Sun Apr 15 21:37:57 CEST 2018 - started the server!
 [start] - Sun Apr 15 21:39:59 CEST 2018 - started the server!
 [kill] - Sun Apr 15 21:52:25 CEST 2018 - killing process forcefully!
 [start] - Mon Apr 16 22:03:58 CEST 2018 - started the server!
 [kill] - Mon Apr 16 22:23:17 CEST 2018 - killing process forcefully!
 [start] - Sun May 06 22:01:04 CEST 2018 - started the server!
 [kill] - Sun May 06 22:13:07 CEST 2018 - killing process forcefully!
 [start] - Mon May 07 13:46:48 CEST 2018 - started the server!
 [kill] - Mon May 07 13:58:25 CEST 2018 - killing process forcefully!
 [kill] - Mon May 07 13:59:02 CEST 2018 - killing process forcefully!
 [start] - Mon May 07 13:59:50 CEST 2018 - started the server!
 [kill] - Mon May 07 14:06:18 CEST 2018 - killing process forcefully!
 [kill] - Mon May 07 14:06:31 CEST 2018 - killing process forcefully!
 [kill] - Mon May 07 14:56:05 CEST 2018 - killing process forcefully!
 [start] - Tue May 08 00:20:49 CEST 2018 - started the server!
 [start] - Thu May 10 21:24:40 CEST 2018 - started the server!
 [kill] - Thu May 10 22:29:21 CEST 2018 - killing process forcefully!
 [kill] - Thu May 10 22:29:29 CEST 2018 - killing process forcefully!
 [start] - Fri May 11 23:41:41 CEST 2018 - started the server!
 [kill] - Fri May 11 23:46:14 CEST 2018 - killing process forcefully!
 [start] - Fri May 11 23:50:15 CEST 2018 - started the server!
 [start] - Sat May 12 00:02:05 CEST 2018 - started the server!
 [start] - Sat May 12 00:58:00 CEST 2018 - started the server!
 [kill] - Sat May 12 01:02:09 CEST 2018 - killing process forcefully!
 [kill] - Sat May 12 01:02:26 CEST 2018 - killing process forcefully!
 [start] - Sat May 12 01:04:14 CEST 2018 - started the server!
 [start] - Sat May 12 01:07:39 CEST 2018 - started the server!
 [start] - Sat May 12 01:08:47 CEST 2018 - started the server!
 [start] - Sat May 12 01:11:12 CEST 2018 - started the server!
 [start] - Sat May 12 01:12:28 CEST 2018 - started the server!
 [kill] - Sat May 12 01:14:25 CEST 2018 - killing process forcefully!
 [kill] - Sat May 12 01:14:43 CEST 2018 - killing process forcefully!
 [start] - Sat May 12 01:17:25 CEST 2018 - started the server!
 [kill] - Sat May 12 01:30:44 CEST 2018 - killing process forcefully!
 [start] - Sat May 12 18:39:22 CEST 2018 - started the server!
 [kill] - Sat May 12 18:45:18 CEST 2018 - killing process forcefully!
 [start] - Sat May 12 18:48:03 CEST 2018 - started the server!
 [kill] - Sat May 12 20:57:00 CEST 2018 - killing process forcefully!
 [start] - Sat May 12 20:58:02 CEST 2018 - started the server!
 [start] - Sat May 12 23:01:18 CEST 2018 - started the server!
 [start] - Sun May 13 22:17:44 CEST 2018 - started the server!